<?xml version="1.0" encoding="UTF-8" ?>
<testsuites disabled="0" errors="0" failures="6" tests="4" time="6.244">
 <testsuite name="User Authentication" timestamp="2021-08-14T14:01:28" hostname="localhost" time="6.13" errors="0" tests="2" skipped="0" disabled="0" failures="0">
  <testcase classname="User Authentication" name="[1,2] Invalid user" time="4.154" />
  <testcase classname="User Authentication" name="User can login successfully" time="1.968" />
 </testsuite>
 <testsuite name="Flight" timestamp="2021-08-14T14:01:34" hostname="localhost" time="0.114" errors="0" tests="2" skipped="0" disabled="0" failures="6">
  <testcase classname="Flight" name="[2] One-way trip" time="0.001">
   <failure type="exception" message="Unhandled promise rejection: Error: ECONNREFUSED connect ECONNREFUSED 127.0.0.1:55409"><![CDATA[Error: ECONNREFUSED connect ECONNREFUSED 127.0.0.1:55409
    at ClientRequest.<anonymous> (/Users/zhimin/work/projects/agiletravel-ui-tests/selenium-webdriver-nodejs-jasmine/node_modules/selenium-webdriver/http/index.js:273:15)
    at ClientRequest.emit (events.js:315:20)
    at Socket.socketErrorListener (_http_client.js:469:9)
    at Socket.emit (events.js:315:20)
    at emitErrorNT (internal/streams/destroy.js:106:8)
    at emitErrorCloseNT (internal/streams/destroy.js:74:3)
    at processTicksAndRejections (internal/process/task_queues.js:80:21)]]>
   </failure>
   <failure type="exception" message="Unhandled promise rejection: Error: ECONNREFUSED connect ECONNREFUSED 127.0.0.1:55409"><![CDATA[Error: ECONNREFUSED connect ECONNREFUSED 127.0.0.1:55409
    at ClientRequest.<anonymous> (/Users/zhimin/work/projects/agiletravel-ui-tests/selenium-webdriver-nodejs-jasmine/node_modules/selenium-webdriver/http/index.js:273:15)
    at ClientRequest.emit (events.js:315:20)
    at Socket.socketErrorListener (_http_client.js:469:9)
    at Socket.emit (events.js:315:20)
    at emitErrorNT (internal/streams/destroy.js:106:8)
    at emitErrorCloseNT (internal/streams/destroy.js:74:3)
    at processTicksAndRejections (internal/process/task_queues.js:80:21)]]>
   </failure>
   <failure type="exception" message="Unhandled promise rejection: Error: ECONNREFUSED connect ECONNREFUSED 127.0.0.1:55409"><![CDATA[Error: ECONNREFUSED connect ECONNREFUSED 127.0.0.1:55409
    at ClientRequest.<anonymous> (/Users/zhimin/work/projects/agiletravel-ui-tests/selenium-webdriver-nodejs-jasmine/node_modules/selenium-webdriver/http/index.js:273:15)
    at ClientRequest.emit (events.js:315:20)
    at Socket.socketErrorListener (_http_client.js:469:9)
    at Socket.emit (events.js:315:20)
    at emitErrorNT (internal/streams/destroy.js:106:8)
    at emitErrorCloseNT (internal/streams/destroy.js:74:3)
    at processTicksAndRejections (internal/process/task_queues.js:80:21)]]>
   </failure>
   <failure type="exception" message="Unhandled promise rejection: Error: ECONNREFUSED connect ECONNREFUSED 127.0.0.1:55409"><![CDATA[Error: ECONNREFUSED connect ECONNREFUSED 127.0.0.1:55409
    at ClientRequest.<anonymous> (/Users/zhimin/work/projects/agiletravel-ui-tests/selenium-webdriver-nodejs-jasmine/node_modules/selenium-webdriver/http/index.js:273:15)
    at ClientRequest.emit (events.js:315:20)
    at Socket.socketErrorListener (_http_client.js:469:9)
    at Socket.emit (events.js:315:20)
    at emitErrorNT (internal/streams/destroy.js:106:8)
    at emitErrorCloseNT (internal/streams/destroy.js:74:3)
    at processTicksAndRejections (internal/process/task_queues.js:80:21)]]>
   </failure>
  </testcase>
  <testcase classname="Flight" name="[3] Return trip" time="0">
   <failure type="exception" message="Unhandled promise rejection: Error: ECONNREFUSED connect ECONNREFUSED 127.0.0.1:55409"><![CDATA[Error: ECONNREFUSED connect ECONNREFUSED 127.0.0.1:55409
    at ClientRequest.<anonymous> (/Users/zhimin/work/projects/agiletravel-ui-tests/selenium-webdriver-nodejs-jasmine/node_modules/selenium-webdriver/http/index.js:273:15)
    at ClientRequest.emit (events.js:315:20)
    at Socket.socketErrorListener (_http_client.js:469:9)
    at Socket.emit (events.js:315:20)
    at emitErrorNT (internal/streams/destroy.js:106:8)
    at emitErrorCloseNT (internal/streams/destroy.js:74:3)
    at processTicksAndRejections (internal/process/task_queues.js:80:21)]]>
   </failure>
   <failure type="exception" message="Unhandled promise rejection: Error: ECONNREFUSED connect ECONNREFUSED 127.0.0.1:55409"><![CDATA[Error: ECONNREFUSED connect ECONNREFUSED 127.0.0.1:55409
    at ClientRequest.<anonymous> (/Users/zhimin/work/projects/agiletravel-ui-tests/selenium-webdriver-nodejs-jasmine/node_modules/selenium-webdriver/http/index.js:273:15)
    at ClientRequest.emit (events.js:315:20)
    at Socket.socketErrorListener (_http_client.js:469:9)
    at Socket.emit (events.js:315:20)
    at emitErrorNT (internal/streams/destroy.js:106:8)
    at emitErrorCloseNT (internal/streams/destroy.js:74:3)
    at processTicksAndRejections (internal/process/task_queues.js:80:21)]]>
   </failure>
  </testcase>
 </testsuite>
</testsuites>